<?xml version="1.0" encoding="UTF-8"?>
<testng-results ignored="0" total="1" passed="1" failed="0" skipped="0">
  <reporter-output>
  </reporter-output>
  <suite started-at="2024-08-12T22:44:35 AST" name="Default suite" finished-at="2024-08-12T22:44:42 AST" duration-ms="7382">
    <groups>
    </groups>
    <test started-at="2024-08-12T22:44:35 AST" name="Default test" finished-at="2024-08-12T22:44:42 AST" duration-ms="7382">
      <class name="firstProjectAutomation.FirstTest">
        <test-method is-config="true" signature="mySetup()[pri:0, instance:firstProjectAutomation.FirstTest@235f4c10]" started-at="2024-08-12T22:44:35 AST" name="mySetup" finished-at="2024-08-12T22:44:37 AST" duration-ms="1415" status="PASS">
          <reporter-output>
          </reporter-output>
        </test-method> <!-- mySetup -->
        <test-method signature="firstTest()[pri:0, instance:firstProjectAutomation.FirstTest@235f4c10]" started-at="2024-08-12T22:44:37 AST" name="firstTest" finished-at="2024-08-12T22:44:42 AST" duration-ms="5913" status="PASS">
          <reporter-output>
          </reporter-output>
        </test-method> <!-- firstTest -->
      </class> <!-- firstProjectAutomation.FirstTest -->
    </test> <!-- Default test -->
  </suite> <!-- Default suite -->
</testng-results>
